#
# There is insufficient memory for the Java Runtime Environment to continue.
# Native memory allocation (malloc) failed to allocate 157296 bytes. Error detail: Chunk::new
# Possible reasons:
#   The system is out of physical RAM or swap space
#   This process is running with CompressedOops enabled, and the Java Heap may be blocking the growth of the native heap
# Possible solutions:
#   Reduce memory load on the system
#   Increase physical memory or swap space
#   Check if swap backing store is full
#   Decrease Java heap size (-Xmx/-Xms)
#   Decrease number of Java threads
#   Decrease Java thread stack sizes (-Xss)
#   Set larger code cache with -XX:ReservedCodeCacheSize=
#   JVM is running with Unscaled Compressed Oops mode in which the Java heap is
#     placed in the first 4GB address space. The Java Heap base address is the
#     maximum limit for the native heap growth. Please use -XX:HeapBaseMinAddress
#     to set the Java Heap base and to place the Java Heap above 4GB virtual address.
# This output file may be truncated or incomplete.
#
#  Out of Memory Error (arena.cpp:168), pid=1928, tid=18924
#
# JRE version: OpenJDK Runtime Environment Temurin-21.0.8+9 (21.0.8+9) (build 21.0.8+9-LTS)
# Java VM: OpenJDK 64-Bit Server VM Temurin-21.0.8+9 (21.0.8+9-LTS, mixed mode, sharing, tiered, compressed oops, compressed class ptrs, parallel gc, windows-amd64)
# No core dump will be written. Minidumps are not enabled by default on client versions of Windows
#

---------------  S U M M A R Y ------------

Command Line: --add-modules=ALL-SYSTEM --add-opens=java.base/java.util=ALL-UNNAMED --add-opens=java.base/java.lang=ALL-UNNAMED --add-opens=java.base/sun.nio.fs=ALL-UNNAMED -Declipse.application=org.eclipse.jdt.ls.core.id1 -Dosgi.bundles.defaultStartLevel=4 -Declipse.product=org.eclipse.jdt.ls.core.product -Djava.import.generatesMetadataFilesAtProjectRoot=false -DDetectVMInstallationsJob.disabled=true -Dfile.encoding=utf8 -XX:+UseParallelGC -XX:GCTimeRatio=4 -XX:AdaptiveSizePolicyWeight=90 -Dsun.zip.disableMemoryMapping=true -Xmx2G -Xms100m -Xlog:disable -javaagent:c:\Users\Admin\.vscode\extensions\redhat.java-1.44.0-win32-x64\lombok\lombok-1.18.39-4050.jar c:\Users\Admin\.vscode\extensions\redhat.java-1.44.0-win32-x64\server\plugins\org.eclipse.equinox.launcher_1.7.0.v20250519-0528.jar -configuration c:\Users\Admin\AppData\Roaming\Code\User\globalStorage\redhat.java\1.44.0\config_ss_win -data c:\Users\Admin\AppData\Roaming\Code\User\workspaceStorage\fb471521ddef64a1d5cfe9c688419a7b\redhat.java\ss_ws --pipe=\\.\pipe\lsp-541e2ea372884d51baab125205b7875c-sock

Host: Intel(R) Core(TM) i7-7600U CPU @ 2.80GHz, 4 cores, 15G,  Windows 11 , 64 bit Build 22621 (10.0.22621.5415)
Time: Wed Aug 20 11:40:14 2025 elapsed time: 0.980480 seconds (0d 0h 0m 0s)

---------------  T H R E A D  ---------------

Current thread (0x0000026e7c437bd0):  JavaThread "C2 CompilerThread0" daemon [_thread_in_native, id=18924, stack(0x000000c843200000,0x000000c843300000) (1024K)]


Current CompileTask:
C2:980  663       4       lombok.patcher.PatchScript::classMatches (41 bytes)

Stack: [0x000000c843200000,0x000000c843300000]
Native frames: (J=compiled Java code, j=interpreted, Vv=VM code, C=native code)
V  [jvm.dll+0x6d2449]
V  [jvm.dll+0x8ae341]
V  [jvm.dll+0x8b08be]
V  [jvm.dll+0x8b0fa3]
V  [jvm.dll+0x280c96]
V  [jvm.dll+0xc581d]
V  [jvm.dll+0xc5d53]
V  [jvm.dll+0x2f539d]
V  [jvm.dll+0x5fa00a]
V  [jvm.dll+0x252092]
V  [jvm.dll+0x24ab3f]
V  [jvm.dll+0x2483a4]
V  [jvm.dll+0x1c89ee]
V  [jvm.dll+0x257d4d]
V  [jvm.dll+0x2562ea]
V  [jvm.dll+0x3f2d16]
V  [jvm.dll+0x857e6b]
V  [jvm.dll+0x6d0b0d]
C  [ucrtbase.dll+0x29333]
C  [KERNEL32.DLL+0x1259d]
C  [ntdll.dll+0x5af78]


---------------  P R O C E S S  ---------------

Threads class SMR info:
_java_thread_list=0x0000026e7d4723c0, length=12, elements={
0x0000026e72b14e00, 0x0000026e7c42ddb0, 0x0000026e7c42f140, 0x0000026e7c432130,
0x0000026e7c432d80, 0x0000026e7c434210, 0x0000026e7c436da0, 0x0000026e7c437bd0,
0x0000026e7c4a8320, 0x0000026e72b80630, 0x0000026e7d53fb20, 0x0000026e7d534710
}

Java Threads: ( => current thread )
  0x0000026e72b14e00 JavaThread "main"                              [_thread_in_vm, id=18860, stack(0x000000c842800000,0x000000c842900000) (1024K)]
  0x0000026e7c42ddb0 JavaThread "Reference Handler"          daemon [_thread_blocked, id=20416, stack(0x000000c842c00000,0x000000c842d00000) (1024K)]
  0x0000026e7c42f140 JavaThread "Finalizer"                  daemon [_thread_blocked, id=17652, stack(0x000000c842d00000,0x000000c842e00000) (1024K)]
  0x0000026e7c432130 JavaThread "Signal Dispatcher"          daemon [_thread_blocked, id=11928, stack(0x000000c842e00000,0x000000c842f00000) (1024K)]
  0x0000026e7c432d80 JavaThread "Attach Listener"            daemon [_thread_blocked, id=12556, stack(0x000000c842f00000,0x000000c843000000) (1024K)]
  0x0000026e7c434210 JavaThread "Service Thread"             daemon [_thread_blocked, id=14656, stack(0x000000c843000000,0x000000c843100000) (1024K)]
  0x0000026e7c436da0 JavaThread "Monitor Deflation Thread"   daemon [_thread_blocked, id=7384, stack(0x000000c843100000,0x000000c843200000) (1024K)]
=>0x0000026e7c437bd0 JavaThread "C2 CompilerThread0"         daemon [_thread_in_native, id=18924, stack(0x000000c843200000,0x000000c843300000) (1024K)]
  0x0000026e7c4a8320 JavaThread "C1 CompilerThread0"         daemon [_thread_blocked, id=5564, stack(0x000000c843300000,0x000000c843400000) (1024K)]
  0x0000026e72b80630 JavaThread "Common-Cleaner"             daemon [_thread_blocked, id=19800, stack(0x000000c843400000,0x000000c843500000) (1024K)]
  0x0000026e7d53fb20 JavaThread "Notification Thread"        daemon [_thread_blocked, id=6224, stack(0x000000c843500000,0x000000c843600000) (1024K)]
  0x0000026e7d534710 JavaThread "C2 CompilerThread1"         daemon [_thread_in_native, id=10788, stack(0x000000c843600000,0x000000c843700000) (1024K)]
Total: 12

Other Threads:
  0x0000026e72bce920 VMThread "VM Thread"                           [id=9624, stack(0x000000c842b00000,0x000000c842c00000) (1024K)]
  0x0000026e7c3cca10 WatcherThread "VM Periodic Task Thread"        [id=2692, stack(0x000000c842a00000,0x000000c842b00000) (1024K)]
  0x0000026e72b34640 WorkerThread "GC Thread#0"                     [id=19928, stack(0x000000c842900000,0x000000c842a00000) (1024K)]
Total: 3

Threads with active compile tasks:
C2 CompilerThread0  1018  663       4       lombok.patcher.PatchScript::classMatches (41 bytes)
C2 CompilerThread1  1018  664       4       lombok.patcher.scripts.MethodLevelPatchScript::patch (21 bytes)
Total: 2

VM state: not at safepoint (normal execution)

VM Mutex/Monitor currently owned by a thread:  ([mutex/lock_event])
[0x00007ffb010f5ad8] SystemDictionary_lock - owner thread: 0x0000026e72b14e00

Heap address: 0x0000000080000000, size: 2048 MB, Compressed Oops mode: 32-bit

CDS archive(s) mapped at: [0x0000026e0f000000-0x0000026e0fba0000-0x0000026e0fba0000), size 12189696, SharedBaseAddress: 0x0000026e0f000000, ArchiveRelocationMode: 1.
Compressed class space mapped at: 0x0000026e10000000-0x0000026e50000000, reserved size: 1073741824
Narrow klass base: 0x0000026e0f000000, Narrow klass shift: 0, Narrow klass range: 0x100000000

GC Precious Log:
 CardTable entry size: 512
 CPUs: 4 total, 4 available
 Memory: 16259M
 Large Page Support: Disabled
 NUMA Support: Disabled
 Compressed Oops: Enabled (32-bit)
 Alignments: Space 512K, Generation 512K, Heap 2M
 Heap Min Capacity: 100M
 Heap Initial Capacity: 100M
 Heap Max Capacity: 2G
 Pre-touch: Disabled
 Parallel Workers: 4

Heap:
 PSYoungGen      total 29696K, used 13341K [0x00000000d5580000, 0x00000000d7680000, 0x0000000100000000)
  eden space 25600K, 52% used [0x00000000d5580000,0x00000000d6287650,0x00000000d6e80000)
  from space 4096K, 0% used [0x00000000d7280000,0x00000000d7280000,0x00000000d7680000)
  to   space 4096K, 0% used [0x00000000d6e80000,0x00000000d6e80000,0x00000000d7280000)
 ParOldGen       total 68608K, used 0K [0x0000000080000000, 0x0000000084300000, 0x00000000d5580000)
  object space 68608K, 0% used [0x0000000080000000,0x0000000080000000,0x0000000084300000)
 Metaspace       used 2352K, committed 2560K, reserved 1114112K
  class space    used 239K, committed 320K, reserved 1048576K

Card table byte_map: [0x0000026e77800000,0x0000026e77c10000] _byte_map_base: 0x0000026e77400000

Marking Bits: (ParMarkBitMap*) 0x00007ffb010fa340
 Begin Bits: [0x0000026e77ec0000, 0x0000026e79ec0000)
 End Bits:   [0x0000026e79ec0000, 0x0000026e7bec0000)

Polling page: 0x0000026e72bd0000

Metaspace:

Usage:
  Non-class:      2.06 MB used.
      Class:    239.38 KB used.
       Both:      2.30 MB used.

Virtual space:
  Non-class space:       64.00 MB reserved,       2.19 MB (  3%) committed,  1 nodes.
      Class space:        1.00 GB reserved,     320.00 KB ( <1%) committed,  1 nodes.
             Both:        1.06 GB reserved,       2.50 MB ( <1%) committed. 

Chunk freelists:
   Non-Class:  11.65 MB
       Class:  15.67 MB
        Both:  27.32 MB

MaxMetaspaceSize: unlimited
CompressedClassSpaceSize: 1.00 GB
Initial GC threshold: 21.00 MB
Current GC threshold: 21.00 MB
CDS: on
 - commit_granule_bytes: 65536.
 - commit_granule_words: 8192.
 - virtual_space_node_default_size: 8388608.
 - enlarge_chunks_in_place: 1.
 - use_allocation_guard: 0.


Internal statistics:

num_allocs_failed_limit: 0.
num_arena_births: 80.
num_arena_deaths: 0.
num_vsnodes_births: 2.
num_vsnodes_deaths: 0.
num_space_committed: 40.
num_space_uncommitted: 0.
num_chunks_returned_to_freelist: 0.
num_chunks_taken_from_freelist: 102.
num_chunk_merges: 0.
num_chunk_splits: 72.
num_chunks_enlarged: 46.
num_inconsistent_stats: 0.

CodeHeap 'non-profiled nmethods': size=120000Kb used=259Kb max_used=259Kb free=119740Kb
 bounds [0x0000026e07ad0000, 0x0000026e07d40000, 0x0000026e0f000000]
CodeHeap 'profiled nmethods': size=120000Kb used=975Kb max_used=975Kb free=119024Kb
 bounds [0x0000026e00000000, 0x0000026e00270000, 0x0000026e07530000]
CodeHeap 'non-nmethods': size=5760Kb used=1178Kb max_used=1188Kb free=4582Kb
 bounds [0x0000026e07530000, 0x0000026e077a0000, 0x0000026e07ad0000]
CodeCache: size=245760Kb, used=2412Kb, max_used=2422Kb, free=243346Kb
 total_blobs=1102, nmethods=667, adapters=342, full_count=0
Compilation: enabled, stopped_count=0, restarted_count=0

Compilation events (20 events):
Event: 0.945 Thread 0x0000026e7c4a8320  658       1       java.math.BigInteger::signum (5 bytes)
Event: 0.945 Thread 0x0000026e7c4a8320 nmethod 658 0x0000026e07b0de90 code [0x0000026e07b0e020, 0x0000026e07b0e0e8]
Event: 0.945 Thread 0x0000026e7c437bd0 nmethod 649 0x0000026e07b0e190 code [0x0000026e07b0e320, 0x0000026e07b0e610]
Event: 0.945 Thread 0x0000026e7c437bd0  655       4       java.lang.Integer::parseInt (264 bytes)
Event: 0.945 Thread 0x0000026e7c4a8320  659       3       lombok.eclipse.agent.EclipsePatcher$1::shouldTransform (107 bytes)
Event: 0.946 Thread 0x0000026e7d534710 nmethod 650 0x0000026e07b0e790 code [0x0000026e07b0e960, 0x0000026e07b0efd8]
Event: 0.946 Thread 0x0000026e7d534710  651       4       java.lang.StringLatin1::newString (24 bytes)
Event: 0.946 Thread 0x0000026e7c4a8320 nmethod 659 0x0000026e000ee810 code [0x0000026e000eeb20, 0x0000026e000ef998]
Event: 0.948 Thread 0x0000026e7c4a8320  660       3       java.util.regex.Pattern::isSupplementary (21 bytes)
Event: 0.949 Thread 0x0000026e7c4a8320 nmethod 660 0x0000026e000efe90 code [0x0000026e000f0040, 0x0000026e000f0298]
Event: 0.951 Thread 0x0000026e7d534710 nmethod 651 0x0000026e07b0f310 code [0x0000026e07b0f4c0, 0x0000026e07b0f9f0]
Event: 0.951 Thread 0x0000026e7d534710  653       4       java.util.Arrays::checkLength (38 bytes)
Event: 0.952 Thread 0x0000026e7c437bd0 nmethod 655 0x0000026e07b0fc10 code [0x0000026e07b0fde0, 0x0000026e07b101d8]
Event: 0.952 Thread 0x0000026e7d534710 nmethod 653 0x0000026e07b10710 code [0x0000026e07b108a0, 0x0000026e07b10928]
Event: 0.953 Thread 0x0000026e7c4a8320  661       3       java.util.regex.Pattern::peek (26 bytes)
Event: 0.954 Thread 0x0000026e7c4a8320 nmethod 661 0x0000026e000f0390 code [0x0000026e000f0540, 0x0000026e000f0798]
Event: 0.955 Thread 0x0000026e7c4a8320  662       3       java.lang.invoke.LambdaForm$NamedFunction::returnType (11 bytes)
Event: 0.956 Thread 0x0000026e7c4a8320 nmethod 662 0x0000026e000f0890 code [0x0000026e000f0aa0, 0x0000026e000f0fb8]
Event: 0.961 Thread 0x0000026e7c437bd0  663       4       lombok.patcher.PatchScript::classMatches (41 bytes)
Event: 0.964 Thread 0x0000026e7d534710  664       4       lombok.patcher.scripts.MethodLevelPatchScript::patch (21 bytes)

GC Heap History (0 events):
No events

Dll operation events (8 events):
Event: 0.056 Loaded shared library c:\Users\Admin\.vscode\extensions\redhat.java-1.44.0-win32-x64\jre\21.0.8-win32-x86_64\bin\java.dll
Event: 0.211 Loaded shared library c:\Users\Admin\.vscode\extensions\redhat.java-1.44.0-win32-x64\jre\21.0.8-win32-x86_64\bin\zip.dll
Event: 0.270 Loaded shared library C:\Users\Admin\.vscode\extensions\redhat.java-1.44.0-win32-x64\jre\21.0.8-win32-x86_64\bin\instrument.dll
Event: 0.282 Loaded shared library C:\Users\Admin\.vscode\extensions\redhat.java-1.44.0-win32-x64\jre\21.0.8-win32-x86_64\bin\net.dll
Event: 0.288 Loaded shared library C:\Users\Admin\.vscode\extensions\redhat.java-1.44.0-win32-x64\jre\21.0.8-win32-x86_64\bin\nio.dll
Event: 0.294 Loaded shared library C:\Users\Admin\.vscode\extensions\redhat.java-1.44.0-win32-x64\jre\21.0.8-win32-x86_64\bin\zip.dll
Event: 0.331 Loaded shared library C:\Users\Admin\.vscode\extensions\redhat.java-1.44.0-win32-x64\jre\21.0.8-win32-x86_64\bin\jimage.dll
Event: 0.500 Loaded shared library c:\Users\Admin\.vscode\extensions\redhat.java-1.44.0-win32-x64\jre\21.0.8-win32-x86_64\bin\verify.dll

Deoptimization events (20 events):
Event: 0.702 Thread 0x0000026e72b14e00 DEOPT PACKING pc=0x0000026e000452d8 sp=0x000000c8428f9f80
Event: 0.702 Thread 0x0000026e72b14e00 DEOPT UNPACKING pc=0x0000026e07584242 sp=0x000000c8428f9440 mode 0
Event: 0.703 Thread 0x0000026e72b14e00 DEOPT PACKING pc=0x0000026e000452d8 sp=0x000000c8428fa9c0
Event: 0.703 Thread 0x0000026e72b14e00 DEOPT UNPACKING pc=0x0000026e07584242 sp=0x000000c8428f9e80 mode 0
Event: 0.732 Thread 0x0000026e72b14e00 DEOPT PACKING pc=0x0000026e000452d8 sp=0x000000c8428fa9a0
Event: 0.732 Thread 0x0000026e72b14e00 DEOPT UNPACKING pc=0x0000026e07584242 sp=0x000000c8428f9e60 mode 0
Event: 0.733 Thread 0x0000026e72b14e00 DEOPT PACKING pc=0x0000026e000452d8 sp=0x000000c8428fc200
Event: 0.733 Thread 0x0000026e72b14e00 DEOPT UNPACKING pc=0x0000026e07584242 sp=0x000000c8428fb6c0 mode 0
Event: 0.736 Thread 0x0000026e72b14e00 DEOPT PACKING pc=0x0000026e000452d8 sp=0x000000c8428fc170
Event: 0.736 Thread 0x0000026e72b14e00 DEOPT UNPACKING pc=0x0000026e07584242 sp=0x000000c8428fb630 mode 0
Event: 0.738 Thread 0x0000026e72b14e00 DEOPT PACKING pc=0x0000026e000452d8 sp=0x000000c8428fbff0
Event: 0.738 Thread 0x0000026e72b14e00 DEOPT UNPACKING pc=0x0000026e07584242 sp=0x000000c8428fb4b0 mode 0
Event: 0.860 Thread 0x0000026e72b14e00 Uncommon trap: trap_request=0xffffff45 fr.pc=0x0000026e07b00984 relative=0x0000000000000164
Event: 0.860 Thread 0x0000026e72b14e00 Uncommon trap: reason=unstable_if action=reinterpret pc=0x0000026e07b00984 method=jdk.internal.util.ArraysSupport.vectorizedHashCode(Ljava/lang/Object;IIII)I @ 2 c2
Event: 0.860 Thread 0x0000026e72b14e00 DEOPT PACKING pc=0x0000026e07b00984 sp=0x000000c8428fc880
Event: 0.860 Thread 0x0000026e72b14e00 DEOPT UNPACKING pc=0x0000026e07583aa2 sp=0x000000c8428fc830 mode 2
Event: 0.878 Thread 0x0000026e72b14e00 Uncommon trap: trap_request=0xffffff45 fr.pc=0x0000026e07af2504 relative=0x00000000000000e4
Event: 0.878 Thread 0x0000026e72b14e00 Uncommon trap: reason=unstable_if action=reinterpret pc=0x0000026e07af2504 method=java.net.URI.match(CJJ)Z @ 45 c2
Event: 0.878 Thread 0x0000026e72b14e00 DEOPT PACKING pc=0x0000026e07af2504 sp=0x000000c8428fcb20
Event: 0.878 Thread 0x0000026e72b14e00 DEOPT UNPACKING pc=0x0000026e07583aa2 sp=0x000000c8428fca88 mode 2

Classes loaded (20 events):
Event: 0.947 Loading class sun/security/util/DisabledAlgorithmConstraints$KeySizeConstraint
Event: 0.947 Loading class sun/security/util/DisabledAlgorithmConstraints$Constraint
Event: 0.948 Loading class sun/security/util/DisabledAlgorithmConstraints$Constraint done
Event: 0.948 Loading class sun/security/util/DisabledAlgorithmConstraints$KeySizeConstraint done
Event: 0.948 Loading class sun/security/util/DisabledAlgorithmConstraints$Constraint$Operator
Event: 0.948 Loading class sun/security/util/DisabledAlgorithmConstraints$Constraint$Operator done
Event: 0.948 Loading class sun/security/util/DisabledAlgorithmConstraints$DisabledConstraint
Event: 0.948 Loading class sun/security/util/DisabledAlgorithmConstraints$DisabledConstraint done
Event: 0.948 Loading class sun/security/util/DisabledAlgorithmConstraints$Constraints$Holder
Event: 0.948 Loading class sun/security/util/DisabledAlgorithmConstraints$Constraints$Holder done
Event: 0.954 Loading class java/util/regex/Pattern$BnM
Event: 0.954 Loading class java/util/regex/Pattern$BnM done
Event: 0.954 Loading class java/util/regex/Pattern$SliceS
Event: 0.954 Loading class java/util/regex/Pattern$SliceS done
Event: 0.954 Loading class sun/security/util/DisabledAlgorithmConstraints$DenyAfterConstraint
Event: 0.954 Loading class sun/security/util/DisabledAlgorithmConstraints$DenyAfterConstraint done
Event: 0.957 Loading class java/time/ZonedDateTime
Event: 0.958 Loading class java/time/chrono/ChronoZonedDateTime
Event: 0.958 Loading class java/time/chrono/ChronoZonedDateTime done
Event: 0.959 Loading class java/time/ZonedDateTime done

Classes unloaded (0 events):
No events

Classes redefined (0 events):
No events

Internal exceptions (12 events):
Event: 0.201 Thread 0x0000026e72b14e00 Exception <a 'java/lang/NoSuchMethodError'{0x00000000d57aa0d0}: 'void java.lang.invoke.DirectMethodHandle$Holder.invokeStatic(java.lang.Object, java.lang.Object, java.lang.Object)'> (0x00000000d57aa0d0) 
thrown [s\src\hotspot\share\interpreter\linkResolver.cpp, line 773]
Event: 0.323 Thread 0x0000026e72b14e00 Exception <a 'java/lang/NoSuchMethodError'{0x00000000d5912030}: 'java.lang.Object java.lang.invoke.Invokers$Holder.invokeExact_MT(java.lang.Object, java.lang.Object, java.lang.Object, java.lang.Object, java.lang.Object)'> (0x00000000d5912030) 
thrown [s\src\hotspot\share\interpreter\linkResolver.cpp, line 773]
Event: 0.410 Thread 0x0000026e72b14e00 Exception <a 'java/lang/NoSuchMethodError'{0x00000000d59ca298}: 'int java.lang.invoke.DirectMethodHandle$Holder.invokeSpecial(java.lang.Object, java.lang.Object, java.lang.Object, int)'> (0x00000000d59ca298) 
thrown [s\src\hotspot\share\interpreter\linkResolver.cpp, line 773]
Event: 0.415 Thread 0x0000026e72b14e00 Exception <a 'java/lang/NoSuchMethodError'{0x00000000d59dcc80}: 'java.lang.Object java.lang.invoke.DirectMethodHandle$Holder.invokeStatic(java.lang.Object, java.lang.Object, java.lang.Object, java.lang.Object, int)'> (0x00000000d59dcc80) 
thrown [s\src\hotspot\share\interpreter\linkResolver.cpp, line 773]
Event: 0.417 Thread 0x0000026e72b14e00 Exception <a 'java/lang/NoSuchMethodError'{0x00000000d59e8128}: 'void java.lang.invoke.DelegatingMethodHandle$Holder.reinvoke_L(java.lang.Object, java.lang.Object, java.lang.Object, int, java.lang.Object)'> (0x00000000d59e8128) 
thrown [s\src\hotspot\share\interpreter\linkResolver.cpp, line 773]
Event: 0.422 Thread 0x0000026e72b14e00 Exception <a 'java/lang/NoSuchMethodError'{0x00000000d59f8a78}: 'int java.lang.invoke.DirectMethodHandle$Holder.invokeSpecial(java.lang.Object, java.lang.Object, java.lang.Object)'> (0x00000000d59f8a78) 
thrown [s\src\hotspot\share\interpreter\linkResolver.cpp, line 773]
Event: 0.427 Thread 0x0000026e72b14e00 Exception <a 'java/lang/NoSuchMethodError'{0x00000000d5a04738}: 'java.lang.Object java.lang.invoke.DirectMethodHandle$Holder.invokeStatic(java.lang.Object, java.lang.Object, int)'> (0x00000000d5a04738) 
thrown [s\src\hotspot\share\interpreter\linkResolver.cpp, line 773]
Event: 0.428 Thread 0x0000026e72b14e00 Exception <a 'java/lang/NoSuchMethodError'{0x00000000d5a09088}: 'void java.lang.invoke.DirectMethodHandle$Holder.invokeStatic(java.lang.Object, java.lang.Object, int, java.lang.Object)'> (0x00000000d5a09088) 
thrown [s\src\hotspot\share\interpreter\linkResolver.cpp, line 773]
Event: 0.429 Thread 0x0000026e72b14e00 Exception <a 'java/lang/NoSuchMethodError'{0x00000000d5a0cc18}: 'void java.lang.invoke.DirectMethodHandle$Holder.invokeSpecial(java.lang.Object, java.lang.Object, java.lang.Object, int, java.lang.Object)'> (0x00000000d5a0cc18) 
thrown [s\src\hotspot\share\interpreter\linkResolver.cpp, line 773]
Event: 0.430 Thread 0x0000026e72b14e00 Exception <a 'java/lang/NoSuchMethodError'{0x00000000d5a10088}: 'void java.lang.invoke.DelegatingMethodHandle$Holder.delegate(java.lang.Object, java.lang.Object, int, java.lang.Object)'> (0x00000000d5a10088) 
thrown [s\src\hotspot\share\interpreter\linkResolver.cpp, line 773]
Event: 0.541 Thread 0x0000026e72b14e00 Exception <a 'java/lang/NoSuchMethodError'{0x00000000d5bcf1f8}: 'void java.lang.invoke.DelegatingMethodHandle$Holder.reinvoke_L(java.lang.Object, java.lang.Object, java.lang.Object, int)'> (0x00000000d5bcf1f8) 
thrown [s\src\hotspot\share\interpreter\linkResolver.cpp, line 773]
Event: 0.836 Thread 0x0000026e72b14e00 Exception <a 'java/lang/NoSuchMethodError'{0x00000000d605a970}: 'void java.lang.invoke.DirectMethodHandle$Holder.invokeVirtual(java.lang.Object, java.lang.Object)'> (0x00000000d605a970) 
thrown [s\src\hotspot\share\interpreter\linkResolver.cpp, line 773]

ZGC Phase Switch (0 events):
No events

VM Operations (4 events):
Event: 0.209 Executing VM operation: HandshakeAllThreads (Deoptimize)
Event: 0.209 Executing VM operation: HandshakeAllThreads (Deoptimize) done
Event: 0.362 Executing VM operation: HandshakeAllThreads (Deoptimize)
Event: 0.362 Executing VM operation: HandshakeAllThreads (Deoptimize) done

Memory protections (0 events):
No events

Nmethod flushes (0 events):
No events

Events (12 events):
Event: 0.093 Thread 0x0000026e72b14e00 Thread added: 0x0000026e72b14e00
Event: 0.135 Thread 0x0000026e72b14e00 Thread added: 0x0000026e7c42ddb0
Event: 0.136 Thread 0x0000026e72b14e00 Thread added: 0x0000026e7c42f140
Event: 0.136 Thread 0x0000026e72b14e00 Thread added: 0x0000026e7c432130
Event: 0.136 Thread 0x0000026e72b14e00 Thread added: 0x0000026e7c432d80
Event: 0.136 Thread 0x0000026e72b14e00 Thread added: 0x0000026e7c434210
Event: 0.136 Thread 0x0000026e72b14e00 Thread added: 0x0000026e7c436da0
Event: 0.136 Thread 0x0000026e72b14e00 Thread added: 0x0000026e7c437bd0
Event: 0.147 Thread 0x0000026e72b14e00 Thread added: 0x0000026e7c4a8320
Event: 0.186 Thread 0x0000026e72b14e00 Thread added: 0x0000026e72b80630
Event: 0.677 Thread 0x0000026e72b14e00 Thread added: 0x0000026e7d53fb20
Event: 0.681 Thread 0x0000026e7c4a8320 Thread added: 0x0000026e7d534710


Dynamic libraries:
0x00007ff74cb10000 - 0x00007ff74cb1e000 	c:\Users\Admin\.vscode\extensions\redhat.java-1.44.0-win32-x64\jre\21.0.8-win32-x86_64\bin\java.exe
0x00007ffb6a7f0000 - 0x00007ffb6aa07000 	C:\Windows\SYSTEM32\ntdll.dll
0x00007ffb68d60000 - 0x00007ffb68e24000 	C:\Windows\System32\KERNEL32.DLL
0x00007ffb67fe0000 - 0x00007ffb683b2000 	C:\Windows\System32\KERNELBASE.dll
0x00007ffb67c90000 - 0x00007ffb67da1000 	C:\Windows\System32\ucrtbase.dll
0x00007ffb4d4c0000 - 0x00007ffb4d4d8000 	c:\Users\Admin\.vscode\extensions\redhat.java-1.44.0-win32-x64\jre\21.0.8-win32-x86_64\bin\jli.dll
0x00007ffb6a5f0000 - 0x00007ffb6a7a1000 	C:\Windows\System32\USER32.dll
0x00007ffb67f10000 - 0x00007ffb67f36000 	C:\Windows\System32\win32u.dll
0x00007ffb69040000 - 0x00007ffb69069000 	C:\Windows\System32\GDI32.dll
0x00007ffb67de0000 - 0x00007ffb67f03000 	C:\Windows\System32\gdi32full.dll
0x00007ffb67f40000 - 0x00007ffb67fda000 	C:\Windows\System32\msvcp_win.dll
0x00007ffb4fa10000 - 0x00007ffb4fcab000 	C:\Windows\WinSxS\amd64_microsoft.windows.common-controls_6595b64144ccf1df_6.0.22621.5547_none_27104afb73855772\COMCTL32.dll
0x00007ffb6a210000 - 0x00007ffb6a2b7000 	C:\Windows\System32\msvcrt.dll
0x00007ffb47bf0000 - 0x00007ffb47c0e000 	c:\Users\Admin\.vscode\extensions\redhat.java-1.44.0-win32-x64\jre\21.0.8-win32-x86_64\bin\VCRUNTIME140.dll
0x00007ffb6a1d0000 - 0x00007ffb6a201000 	C:\Windows\System32\IMM32.DLL
0x00007ffb5cda0000 - 0x00007ffb5cdac000 	c:\Users\Admin\.vscode\extensions\redhat.java-1.44.0-win32-x64\jre\21.0.8-win32-x86_64\bin\vcruntime140_1.dll
0x00007ffb08760000 - 0x00007ffb087ed000 	c:\Users\Admin\.vscode\extensions\redhat.java-1.44.0-win32-x64\jre\21.0.8-win32-x86_64\bin\msvcp140.dll
0x00007ffb00440000 - 0x00007ffb011d7000 	c:\Users\Admin\.vscode\extensions\redhat.java-1.44.0-win32-x64\jre\21.0.8-win32-x86_64\bin\server\jvm.dll
0x00007ffb68ca0000 - 0x00007ffb68d51000 	C:\Windows\System32\ADVAPI32.dll
0x00007ffb69070000 - 0x00007ffb69118000 	C:\Windows\System32\sechost.dll
0x00007ffb67db0000 - 0x00007ffb67dd8000 	C:\Windows\System32\bcrypt.dll
0x00007ffb697c0000 - 0x00007ffb698d4000 	C:\Windows\System32\RPCRT4.dll
0x00007ffb69420000 - 0x00007ffb69491000 	C:\Windows\System32\WS2_32.dll
0x00007ffb677b0000 - 0x00007ffb677fd000 	C:\Windows\SYSTEM32\POWRPROF.dll
0x00007ffb5d2c0000 - 0x00007ffb5d2f4000 	C:\Windows\SYSTEM32\WINMM.dll
0x00007ffb540a0000 - 0x00007ffb540aa000 	C:\Windows\SYSTEM32\VERSION.dll
0x00007ffb67790000 - 0x00007ffb677a3000 	C:\Windows\SYSTEM32\UMPDC.dll
0x00007ffb668d0000 - 0x00007ffb668e8000 	C:\Windows\SYSTEM32\kernel.appcore.dll
0x00007ffb5b180000 - 0x00007ffb5b18a000 	c:\Users\Admin\.vscode\extensions\redhat.java-1.44.0-win32-x64\jre\21.0.8-win32-x86_64\bin\jimage.dll
0x00007ffb622a0000 - 0x00007ffb624d3000 	C:\Windows\SYSTEM32\DBGHELP.DLL
0x00007ffb68480000 - 0x00007ffb68813000 	C:\Windows\System32\combase.dll
0x00007ffb694a0000 - 0x00007ffb69577000 	C:\Windows\System32\OLEAUT32.dll
0x00007ffb45b30000 - 0x00007ffb45b62000 	C:\Windows\SYSTEM32\dbgcore.DLL
0x00007ffb678e0000 - 0x00007ffb6795b000 	C:\Windows\System32\bcryptPrimitives.dll
0x00007ffb4f510000 - 0x00007ffb4f51f000 	c:\Users\Admin\.vscode\extensions\redhat.java-1.44.0-win32-x64\jre\21.0.8-win32-x86_64\bin\instrument.dll
0x00007ffb46620000 - 0x00007ffb4663f000 	c:\Users\Admin\.vscode\extensions\redhat.java-1.44.0-win32-x64\jre\21.0.8-win32-x86_64\bin\java.dll
0x00007ffb69920000 - 0x00007ffb6a1c2000 	C:\Windows\System32\SHELL32.dll
0x00007ffb67b50000 - 0x00007ffb67c8f000 	C:\Windows\System32\wintypes.dll
0x00007ffb657c0000 - 0x00007ffb660dd000 	C:\Windows\SYSTEM32\windows.storage.dll
0x00007ffb69120000 - 0x00007ffb6922c000 	C:\Windows\System32\SHCORE.dll
0x00007ffb693b0000 - 0x00007ffb69419000 	C:\Windows\System32\shlwapi.dll
0x00007ffb67810000 - 0x00007ffb6783b000 	C:\Windows\SYSTEM32\profapi.dll
0x00007ffb410f0000 - 0x00007ffb41108000 	c:\Users\Admin\.vscode\extensions\redhat.java-1.44.0-win32-x64\jre\21.0.8-win32-x86_64\bin\zip.dll
0x00007ffb5e240000 - 0x00007ffb5e250000 	C:\Users\Admin\.vscode\extensions\redhat.java-1.44.0-win32-x64\jre\21.0.8-win32-x86_64\bin\net.dll
0x00007ffb5c9a0000 - 0x00007ffb5cacc000 	C:\Windows\SYSTEM32\WINHTTP.dll
0x00007ffb66d40000 - 0x00007ffb66da9000 	C:\Windows\system32\mswsock.dll
0x00007ffb3de30000 - 0x00007ffb3de46000 	C:\Users\Admin\.vscode\extensions\redhat.java-1.44.0-win32-x64\jre\21.0.8-win32-x86_64\bin\nio.dll
0x00007ffb4eca0000 - 0x00007ffb4ecb0000 	c:\Users\Admin\.vscode\extensions\redhat.java-1.44.0-win32-x64\jre\21.0.8-win32-x86_64\bin\verify.dll

JVMTI agents:
c:\Users\Admin\.vscode\extensions\redhat.java-1.44.0-win32-x64\lombok\lombok-1.18.39-4050.jar path:c:\Users\Admin\.vscode\extensions\redhat.java-1.44.0-win32-x64\jre\21.0.8-win32-x86_64\bin\instrument.dll, loaded, initialized, instrumentlib options:none

dbghelp: loaded successfully - version: 4.0.5 - missing functions: none
symbol engine: initialized successfully - sym options: 0x614 - pdb path: .;c:\Users\Admin\.vscode\extensions\redhat.java-1.44.0-win32-x64\jre\21.0.8-win32-x86_64\bin;C:\Windows\SYSTEM32;C:\Windows\WinSxS\amd64_microsoft.windows.common-controls_6595b64144ccf1df_6.0.22621.5547_none_27104afb73855772;c:\Users\Admin\.vscode\extensions\redhat.java-1.44.0-win32-x64\jre\21.0.8-win32-x86_64\bin\server

VM Arguments:
jvm_args: --add-modules=ALL-SYSTEM --add-opens=java.base/java.util=ALL-UNNAMED --add-opens=java.base/java.lang=ALL-UNNAMED --add-opens=java.base/sun.nio.fs=ALL-UNNAMED -Declipse.application=org.eclipse.jdt.ls.core.id1 -Dosgi.bundles.defaultStartLevel=4 -Declipse.product=org.eclipse.jdt.ls.core.product -Djava.import.generatesMetadataFilesAtProjectRoot=false -DDetectVMInstallationsJob.disabled=true -Dfile.encoding=utf8 -XX:+UseParallelGC -XX:GCTimeRatio=4 -XX:AdaptiveSizePolicyWeight=90 -Dsun.zip.disableMemoryMapping=true -Xmx2G -Xms100m -Xlog:disable -javaagent:c:\Users\Admin\.vscode\extensions\redhat.java-1.44.0-win32-x64\lombok\lombok-1.18.39-4050.jar 
java_command: c:\Users\Admin\.vscode\extensions\redhat.java-1.44.0-win32-x64\server\plugins\org.eclipse.equinox.launcher_1.7.0.v20250519-0528.jar -configuration c:\Users\Admin\AppData\Roaming\Code\User\globalStorage\redhat.java\1.44.0\config_ss_win -data c:\Users\Admin\AppData\Roaming\Code\User\workspaceStorage\fb471521ddef64a1d5cfe9c688419a7b\redhat.java\ss_ws --pipe=\\.\pipe\lsp-541e2ea372884d51baab125205b7875c-sock
java_class_path (initial): c:\Users\Admin\.vscode\extensions\redhat.java-1.44.0-win32-x64\server\plugins\org.eclipse.equinox.launcher_1.7.0.v20250519-0528.jar
Launcher Type: SUN_STANDARD

[Global flags]
    uintx AdaptiveSizePolicyWeight                 = 90                                        {product} {command line}
     intx CICompilerCount                          = 3                                         {product} {ergonomic}
    uintx GCTimeRatio                              = 4                                         {product} {command line}
   size_t InitialHeapSize                          = 104857600                                 {product} {command line}
   size_t MaxHeapSize                              = 2147483648                                {product} {command line}
   size_t MaxNewSize                               = 715653120                                 {product} {ergonomic}
   size_t MinHeapDeltaBytes                        = 524288                                    {product} {ergonomic}
   size_t MinHeapSize                              = 104857600                                 {product} {command line}
   size_t NewSize                                  = 34603008                                  {product} {ergonomic}
    uintx NonNMethodCodeHeapSize                   = 5832780                                {pd product} {ergonomic}
    uintx NonProfiledCodeHeapSize                  = 122912730                              {pd product} {ergonomic}
   size_t OldSize                                  = 70254592                                  {product} {ergonomic}
    uintx ProfiledCodeHeapSize                     = 122912730                              {pd product} {ergonomic}
    uintx ReservedCodeCacheSize                    = 251658240                              {pd product} {ergonomic}
     bool SegmentedCodeCache                       = true                                      {product} {ergonomic}
   size_t SoftMaxHeapSize                          = 2147483648                             {manageable} {ergonomic}
     bool UseCompressedOops                        = true                           {product lp64_product} {ergonomic}
     bool UseLargePagesIndividualAllocation        = false                                  {pd product} {ergonomic}
     bool UseParallelGC                            = true                                      {product} {command line}

Logging:
Log output configuration:
 #0: stdout all=off uptime,level,tags foldmultilines=false
 #1: stderr all=off uptime,level,tags foldmultilines=false

Environment Variables:
JAVA_HOME=C:\Program Files\Java\jdk-23
PATH=d:\cursor\resources\app\bin;C:\Program Files (x86)\Microsoft\Edge\Application;C:\Program Files\Common Files\Oracle\Java\javapath;C:\Windows\system32;C:\Windows;C:\Windows\System32\Wbem;C:\Windows\System32\WindowsPowerShell\v1.0\;C:\Windows\System32\OpenSSH\;C:\Program Files (x86)\Intel\Intel(R) Management Engine Components\DAL;C:\Program Files\Intel\Intel(R) Management Engine Components\DAL;C:\Program Files\Java\jdk-23\bin;C:\Program Files\Git\cmd;C:\Program Files\nodejs\;C:\Users\Admin\AppData\Local\Programs\Eclipse Adoptium\jdk-21.0.7.6-hotspot\bin;C:\Program Files\MySQL\MySQL Shell 8.0\bin\;C:\Users\Admin\AppData\Local\Microsoft\WindowsApps;C:\Users\Admin\AppData\Roaming\npm;d:\cursor\resources\app\bin;C:\Program Files\apache-maven-3.9.9\bin;;C:\Program Files\Docker\Docker\resources\bin;C:\Users\Admin\AppData\Local\Programs\Eclipse Adoptium\jdk-21.0.7.6-hotspot\bin;C:\Program Files\MySQL\MySQL Shell 8.0\bin\;C:\Users\Admin\AppData\Local\Microsoft\WindowsApps;C:\Users\Admin\AppData\Local\Programs\Microsoft VS Code\bin;C:\Users\Admin\AppData\Roaming\npm;D:\cursor\resources\app\bin
USERNAME=Admin
OS=Windows_NT
PROCESSOR_IDENTIFIER=Intel64 Family 6 Model 142 Stepping 9, GenuineIntel
TMP=C:\Users\Admin\AppData\Local\Temp
TEMP=C:\Users\Admin\AppData\Local\Temp




Periodic native trim disabled

---------------  S Y S T E M  ---------------

OS:
 Windows 11 , 64 bit Build 22621 (10.0.22621.5415)
OS uptime: 0 days 16:52 hours
Hyper-V role detected

CPU: total 4 (initial active 4) (2 cores per cpu, 2 threads per core) family 6 model 142 stepping 9 microcode 0xf6, cx8, cmov, fxsr, ht, mmx, 3dnowpref, sse, sse2, sse3, ssse3, sse4.1, sse4.2, popcnt, lzcnt, tsc, tscinvbit, avx, avx2, aes, erms, clmul, bmi1, bmi2, rtm, adx, fma, vzeroupper, clflush, clflushopt, hv, rdtscp, f16c
Processor Information for the first 4 processors :
  Max Mhz: 2904, Current Mhz: 2803, Mhz Limit: 2787

Memory: 4k page, system-wide physical 16259M (4479M free)
TotalPageFile size 16259M (AvailPageFile size 0M)
current process WorkingSet (physical memory assigned to process): 56M, peak: 56M
current process commit charge ("private bytes"): 217M, peak: 217M

vm_info: OpenJDK 64-Bit Server VM (21.0.8+9-LTS) for windows-amd64 JRE (21.0.8+9-LTS), built on 2025-07-15T00:00:00Z by "admin" with MS VC++ 17.7 (VS2022)

END.
